# JRE version: OpenJDK Runtime Environment (8.0_152-b01) (build 1.8.0_152-release-915-b01)
# Java VM: OpenJDK 64-Bit Server VM (25.152-b01 mixed mode linux-amd64 compressed oops)
Heap:
 PSYoungGen      total 504320K, used 332659K [0x00000000d5580000, 0x0000000100000000, 0x0000000100000000)
  eden space 309760K, 100% used [0x00000000d5580000,0x00000000e8400000,0x00000000e8400000)
  from space 194560K, 11% used [0x00000000e8400000,0x00000000e9a5cf18,0x00000000f4200000)
  to   space 191488K, 26% used [0x00000000f4500000,0x00000000f776e398,0x0000000100000000)
 ParOldGen       total 390656K, used 269490K [0x0000000080000000, 0x0000000097d80000, 0x00000000d5580000)
  object space 390656K, 68% used [0x0000000080000000,0x000000009072c8f0,0x0000000097d80000)
 Metaspace       used 91795K, capacity 97636K, committed 98520K, reserved 1134592K
  class space    used 11303K, capacity 12590K, committed 12800K, reserved 1048576K
GC Heap History (10 events):
Event: 2667.689 GC heap after
Heap after GC invocations=41 (full 5):
 PSYoungGen      total 547840K, used 106810K [0x00000000d5580000, 0x0000000100000000, 0x0000000100000000)
  eden space 430592K, 0% used [0x00000000d5580000,0x00000000d5580000,0x00000000efa00000)
  from space 117248K, 91% used [0x00000000f7b80000,0x00000000fe3ceba0,0x00000000fee00000)
  to   space 132608K, 0% used [0x00000000efa00000,0x00000000efa00000,0x00000000f7b80000)
 ParOldGen       total 269824K, used 171610K [0x0000000080000000, 0x0000000090780000, 0x00000000d5580000)
  object space 269824K, 63% used [0x0000000080000000,0x000000008a7969f8,0x0000000090780000)
 Metaspace       used 90756K, capacity 96628K, committed 98008K, reserved 1134592K
  class space    used 11142K, capacity 12426K, committed 12544K, reserved 1048576K
}
Event: 2668.647 GC heap before
{Heap before GC invocations=42 (full 5):
 PSYoungGen      total 547840K, used 537402K [0x00000000d5580000, 0x0000000100000000, 0x0000000100000000)
  eden space 430592K, 100% used [0x00000000d5580000,0x00000000efa00000,0x00000000efa00000)
  from space 117248K, 91% used [0x00000000f7b80000,0x00000000fe3ceba0,0x00000000fee00000)
  to   space 132608K, 0% used [0x00000000efa00000,0x00000000efa00000,0x00000000f7b80000)
 ParOldGen       total 269824K, used 171610K [0x0000000080000000, 0x0000000090780000, 0x00000000d5580000)
  object space 269824K, 63% used [0x0000000080000000,0x000000008a7969f8,0x0000000090780000)
 Metaspace       used 90984K, capacity 96852K, committed 98136K, reserved 1134592K
  class space    used 11170K, capacity 12458K, committed 12672K, reserved 1048576K
Event: 2668.755 GC heap after
Heap after GC invocations=42 (full 5):
 PSYoungGen      total 563200K, used 132594K [0x00000000d5580000, 0x0000000100000000, 0x0000000100000000)
  eden space 430592K, 0% used [0x00000000d5580000,0x00000000d5580000,0x00000000efa00000)
  from space 132608K, 99% used [0x00000000efa00000,0x00000000f7b7ca18,0x00000000f7b80000)
  to   space 135680K, 0% used [0x00000000f7b80000,0x00000000f7b80000,0x0000000100000000)
 ParOldGen       total 269824K, used 222705K [0x0000000080000000, 0x0000000090780000, 0x00000000d5580000)
  object space 269824K, 82% used [0x0000000080000000,0x000000008d97c4e8,0x0000000090780000)
 Metaspace       used 90984K, capacity 96852K, committed 98136K, reserved 1134592K
  class space    used 11170K, capacity 12458K, committed 12672K, reserved 1048576K
}
Event: 2669.859 GC heap before
{Heap before GC invocations=43 (full 5):
 PSYoungGen      total 563200K, used 563186K [0x00000000d5580000, 0x0000000100000000, 0x0000000100000000)
  eden space 430592K, 100% used [0x00000000d5580000,0x00000000efa00000,0x00000000efa00000)
  from space 132608K, 99% used [0x00000000efa00000,0x00000000f7b7ca18,0x00000000f7b80000)
  to   space 135680K, 0% used [0x00000000f7b80000,0x00000000f7b80000,0x0000000100000000)
 ParOldGen       total 269824K, used 222705K [0x0000000080000000, 0x0000000090780000, 0x00000000d5580000)
  object space 269824K, 82% used [0x0000000080000000,0x000000008d97c4e8,0x0000000090780000)
 Metaspace       used 91156K, capacity 97012K, committed 98136K, reserved 1134592K
  class space    used 11188K, capacity 12490K, committed 12672K, reserved 1048576K
Event: 2669.956 GC heap after
Heap after GC invocations=43 (full 5):
 PSYoungGen      total 445440K, used 135667K [0x00000000d5580000, 0x0000000100000000, 0x0000000100000000)
  eden space 309760K, 0% used [0x00000000d5580000,0x00000000d5580000,0x00000000e8400000)
  from space 135680K, 99% used [0x00000000f7b80000,0x00000000ffffccb0,0x0000000100000000)
  to   space 194560K, 0% used [0x00000000e8400000,0x00000000e8400000,0x00000000f4200000)
 ParOldGen       total 269824K, used 241463K [0x0000000080000000, 0x0000000090780000, 0x00000000d5580000)
  object space 269824K, 89% used [0x0000000080000000,0x000000008ebcdd78,0x0000000090780000)
 Metaspace       used 91156K, capacity 97012K, committed 98136K, reserved 1134592K
  class space    used 11188K, capacity 12490K, committed 12672K, reserved 1048576K
}
Event: 2669.956 GC heap before
{Heap before GC invocations=44 (full 6):
 PSYoungGen      total 445440K, used 135667K [0x00000000d5580000, 0x0000000100000000, 0x0000000100000000)
  eden space 309760K, 0% used [0x00000000d5580000,0x00000000d5580000,0x00000000e8400000)
  from space 135680K, 99% used [0x00000000f7b80000,0x00000000ffffccb0,0x0000000100000000)
  to   space 194560K, 0% used [0x00000000e8400000,0x00000000e8400000,0x00000000f4200000)
 ParOldGen       total 269824K, used 241463K [0x0000000080000000, 0x0000000090780000, 0x00000000d5580000)
  object space 269824K, 89% used [0x0000000080000000,0x000000008ebcdd78,0x0000000090780000)
 Metaspace       used 91156K, capacity 97012K, committed 98136K, reserved 1134592K
  class space    used 11188K, capacity 12490K, committed 12672K, reserved 1048576K
Event: 2670.543 GC heap after
Heap after GC invocations=44 (full 6):
 PSYoungGen      total 445440K, used 27579K [0x00000000d5580000, 0x0000000100000000, 0x0000000100000000)
  eden space 309760K, 0% used [0x00000000d5580000,0x00000000d5580000,0x00000000e8400000)
  from space 135680K, 20% used [0x00000000f7b80000,0x00000000f966ed70,0x0000000100000000)
  to   space 194560K, 0% used [0x00000000e8400000,0x00000000e8400000,0x00000000f4200000)
 ParOldGen       total 390656K, used 269474K [0x0000000080000000, 0x0000000097d80000, 0x00000000d5580000)
  object space 390656K, 68% used [0x0000000080000000,0x00000000907288f0,0x0000000097d80000)
 Metaspace       used 91156K, capacity 97012K, committed 98136K, reserved 1134592K
  class space    used 11188K, capacity 12490K, committed 12672K, reserved 1048576K
}
Event: 2671.332 GC heap before
{Heap before GC invocations=45 (full 6):
 PSYoungGen      total 445440K, used 337339K [0x00000000d5580000, 0x0000000100000000, 0x0000000100000000)
  eden space 309760K, 100% used [0x00000000d5580000,0x00000000e8400000,0x00000000e8400000)
  from space 135680K, 20% used [0x00000000f7b80000,0x00000000f966ed70,0x0000000100000000)
  to   space 194560K, 0% used [0x00000000e8400000,0x00000000e8400000,0x00000000f4200000)
 ParOldGen       total 390656K, used 269474K [0x0000000080000000, 0x0000000097d80000, 0x00000000d5580000)
  object space 390656K, 68% used [0x0000000080000000,0x00000000907288f0,0x0000000097d80000)
 Metaspace       used 91323K, capacity 97140K, committed 98136K, reserved 1134592K
  class space    used 11218K, capacity 12490K, committed 12672K, reserved 1048576K
Event: 2671.377 GC heap after
Heap after GC invocations=45 (full 6):
 PSYoungGen      total 504320K, used 22899K [0x00000000d5580000, 0x0000000100000000, 0x0000000100000000)
  eden space 309760K, 0% used [0x00000000d5580000,0x00000000d5580000,0x00000000e8400000)
  from space 194560K, 11% used [0x00000000e8400000,0x00000000e9a5cf18,0x00000000f4200000)
  to   space 191488K, 0% used [0x00000000f4500000,0x00000000f4500000,0x0000000100000000)
 ParOldGen       total 390656K, used 269482K [0x0000000080000000, 0x0000000097d80000, 0x00000000d5580000)
  object space 390656K, 68% used [0x0000000080000000,0x000000009072a8f0,0x0000000097d80000)
 Metaspace       used 91323K, capacity 97140K, committed 98136K, reserved 1134592K
  class space    used 11218K, capacity 12490K, committed 12672K, reserved 1048576K
}
Event: 2926.899 GC heap before
{Heap before GC invocations=46 (full 6):
 PSYoungGen      total 504320K, used 332659K [0x00000000d5580000, 0x0000000100000000, 0x0000000100000000)
  eden space 309760K, 100% used [0x00000000d5580000,0x00000000e8400000,0x00000000e8400000)
  from space 194560K, 11% used [0x00000000e8400000,0x00000000e9a5cf18,0x00000000f4200000)
  to   space 191488K, 0% used [0x00000000f4500000,0x00000000f4500000,0x0000000100000000)
 ParOldGen       total 390656K, used 269482K [0x0000000080000000, 0x0000000097d80000, 0x00000000d5580000)
  object space 390656K, 68% used [0x0000000080000000,0x000000009072a8f0,0x0000000097d80000)
 Metaspace       used 91795K, capacity 97636K, committed 98520K, reserved 1134592K
  class space    used 11303K, capacity 12590K, committed 12800K, reserved 1048576K

